build/app/outputs/mapping/release/seeds.txt
com.example.naverlo.MainActivity
com.example.naverlo.MainActivity: MainActivity()
...
io.flutter.embedding.android.FlutterActivityLaunchConfigs$BackgroundMode: io.flutter.embedding.android.FlutterActivityLaunchConfigs$BackgroundMode valueOf(java.lang.String)
androidx.appcompat.widget.SearchView: void setQuery(java.lang.CharSequence)
com.google.crypto.tink.proto.EncryptedKeyset$Builder: EncryptedKeyset$Builder()
io.flutter.embedding.engine.FlutterJNI: void onDisplayOverlaySurface(int,int,int,int,int)
androidx.window.layout.WindowInfoTrackerImpl: androidx.window.layout.WindowBackend access$getWindowBackend$p(androidx.window.layout.WindowInfoTrackerImpl)
com.google.gson.FieldNamingPolicy: com.google.gson.FieldNamingPolicy valueOf(java.lang.String)
androidx.appcompat.widget.AppCompatSpinner: void setAdapter(android.widget.SpinnerAdapter)
androidx.window.core.Bounds: int hashCode()
androidx.window.layout.HardwareFoldingFeature: HardwareFoldingFeature(androidx.window.core.Bounds,androidx.window.layout.HardwareFoldingFeature$Type,androidx.window.layout.FoldingFeature$State)
io.flutter.embedding.engine.FlutterJNI: void removeEngineLifecycleListener(io.flutter.embedding.engine.FlutterEngine$EngineLifecycleListener)
androidx.core.view.WindowInsetsCompat$Impl20: WindowInsetsCompat$Impl20(androidx.core.view.WindowInsetsCompat,android.view.WindowInsets)
kotlin.reflect.jvm.internal.impl.renderer.RenderingFormat: kotlin.reflect.jvm.internal.impl.renderer.RenderingFormat valueOf(java.lang.String)
androidx.appcompat.widget.SearchView: int getSuggestionCommitIconResId()
kotlin.jvm.internal.Lambda: Lambda(int)
androidx.appcompat.widget.Toolbar: void setLogoDescription(int)
com.google.crypto.tink.proto.OutputPrefixType: com.google.crypto.tink.proto.OutputPrefixType[] values()
androidx.lifecycle.ReportFragment$LifecycleCallbacks: void onActivityPreStopped(android.app.Activity)
androidx.window.layout.HardwareFoldingFeature: androidx.window.layout.FoldingFeature$Orientation getOrientation()
androidx.window.embedding.SplitInfo: androidx.window.embedding.ActivityStack getSecondaryActivityStack()
kotlin.reflect.jvm.internal.JvmFunctionSignature: JvmFunctionSignature()
okhttp3.internal.platform.ConscryptPlatform$Companion: ConscryptPlatform$Companion()
kotlin.reflect.jvm.internal.impl.types.TypeConstructorSubstitution: TypeConstructorSubstitution()
androidx.core.view.WindowInsetsCompat$Impl: androidx.core.view.WindowInsetsCompat consumeDisplayCutout()
io.flutter.embedding.engine.mutatorsstack.FlutterMutatorsStack$FlutterMutatorType: io.flutter.embedding.engine.mutatorsstack.FlutterMutatorsStack$FlutterMutatorType[] values()
kotlinx.coroutines.internal.ThreadSafeHeap: ThreadSafeHeap()
io.flutter.embedding.engine.systemchannels.PlatformChannel$Brightness: io.flutter.embedding.engine.systemchannels.PlatformChannel$Brightness[] values()
kotlin.coroutines.AbstractCoroutineContextElement: kotlin.coroutines.CoroutineContext plus(kotlin.coroutines.CoroutineContext)
okhttp3.CacheControl$Builder: CacheControl$Builder()
androidx.core.content.ContextCompat$Api16Impl: void startActivities(android.content.Context,android.content.Intent[],android.os.Bundle)
com.google.crypto.tink.shaded.protobuf.WireFormat$JavaType: com.google.crypto.tink.shaded.protobuf.WireFormat$JavaType valueOf(java.lang.String)
androidx.core.view.WindowInsetsCompat$Impl20: void copyWindowDataInto(androidx.core.view.WindowInsetsCompat)
io.flutter.embedding.engine.systemchannels.PlatformViewsChannel$PlatformViewCreationRequest$RequestedDisplayMode: io.flutter.embedding.engine.systemchannels.PlatformViewsChannel$PlatformViewCreationRequest$RequestedDisplayMode valueOf(java.lang.String)
kotlinx.coroutines.scheduling.WorkQueue: WorkQueue()
androidx.window.core.Version$Companion: androidx.window.core.Version getCURRENT()
io.flutter.embedding.engine.FlutterOverlaySurface: FlutterOverlaySurface(int,android.view.Surface)
kotlin.jvm.internal.TypeIntrinsics: TypeIntrinsics()
androidx.appcompat.widget.SearchView: void setIconifiedByDefault(boolean)