build/app/outputs/mapping/release/mapping.txt
# compiler: R8
# compiler_version: 3.3.70
# min_api: 21
# common_typos_disable
# {"id":"com.android.tools.r8.mapping","version":"2.0"}
# pg_map_id: 237012c
# pg_map_hash: SHA-256 237012cf8962afb1315782cb60f8852420294d25b8864f2148b7a6f1f59b65ca
...
androidx.core.internal.view.SupportMenu -> u.a:
androidx.core.internal.view.SupportMenuItem -> u.b:
    androidx.core.internal.view.SupportMenuItem setSupportActionProvider(androidx.core.view.ActionProvider) -> a
    androidx.core.view.ActionProvider getSupportActionProvider() -> b
androidx.core.internal.view.SupportSubMenu -> u.c:
androidx.core.os.BuildCompat -> v.a:
    boolean isAtLeastR() -> a
androidx.core.os.CancellationSignal -> v.b:
    java.lang.Object mCancellationSignalObj -> c
    boolean mIsCanceled -> a
    androidx.core.os.CancellationSignal$OnCancelListener mOnCancelListener -> b
    boolean mCancelInProgress -> d
    void cancel() -> a
    boolean isCanceled() -> b
    void setOnCancelListener(androidx.core.os.CancellationSignal$OnCancelListener) -> c
    void waitForCancelFinishedLocked() -> d
androidx.core.os.CancellationSignal$OnCancelListener -> v.b$a:
androidx.core.os.ExecutorCompat -> v.c:
    java.util.concurrent.Executor create(android.os.Handler) -> a
androidx.core.os.ExecutorCompat$HandlerExecutor -> v.c$a:
    android.os.Handler mHandler -> f
androidx.core.os.TraceCompat -> v.d:
    java.lang.reflect.Method sAsyncTraceBeginMethod -> c
    long sTraceTagApp -> a
    java.lang.reflect.Method sAsyncTraceEndMethod -> d
    java.lang.reflect.Method sTraceCounterMethod -> e
    java.lang.reflect.Method sIsTagEnabledMethod -> b
    void beginSection(java.lang.String) -> a
    void endSection() -> b
androidx.core.provider.CallbackWithHandler -> w.a:
    androidx.core.provider.FontsContractCompat$FontRequestCallback mCallback -> a
    android.os.Handler mCallbackHandler -> b
    void onTypefaceRequestFailed(int) -> a
    void onTypefaceResult(androidx.core.provider.FontRequestWorker$TypefaceResult) -> b
    void onTypefaceRetrieved(android.graphics.Typeface) -> c
androidx.core.provider.CallbackWithHandler$1 -> w.a$a:
    androidx.core.provider.FontsContractCompat$FontRequestCallback val$callback -> f
    androidx.core.provider.CallbackWithHandler this$0 -> h
    android.graphics.Typeface val$typeface -> g
androidx.core.provider.CallbackWithHandler$2 -> w.a$b:
    androidx.core.provider.FontsContractCompat$FontRequestCallback val$callback -> f
    androidx.core.provider.CallbackWithHandler this$0 -> h
    int val$reason -> g
androidx.core.provider.CalleeHandler -> w.b:
    android.os.Handler create() -> a
androidx.core.provider.FontProvider -> w.c:
    java.util.Comparator sByteArrayComparator -> a
    java.util.List convertToByteArrayList(android.content.pm.Signature[]) -> a
    boolean equalsByteArrayList(java.util.List,java.util.List) -> b
    java.util.List getCertificates(androidx.core.provider.FontRequest,android.content.res.Resources) -> c
    androidx.core.provider.FontsContractCompat$FontFamilyResult getFontFamilyResult(android.content.Context,androidx.core.provider.FontRequest,android.os.CancellationSignal) -> d
    android.content.pm.ProviderInfo getProvider(android.content.pm.PackageManager,androidx.core.provider.FontRequest,android.content.res.Resources) -> e
    androidx.core.provider.FontsContractCompat$FontInfo[] query(android.content.Context,androidx.core.provider.FontRequest,java.lang.String,android.os.CancellationSignal) -> f
androidx.core.provider.FontProvider$1 -> w.c$a:
    int compare(byte[],byte[]) -> a
androidx.core.provider.FontRequest -> w.d:
    java.lang.String mIdentifier -> f
    java.util.List mCertificates -> d
    java.lang.String mProviderAuthority -> a
    int mCertificatesArray -> e
    java.lang.String mQuery -> c
    java.lang.String mProviderPackage -> b
    java.lang.String createIdentifier(java.lang.String,java.lang.String,java.lang.String) -> a
    java.util.List getCertificates() -> b
    int getCertificatesArrayResId() -> c
    java.lang.String getId() -> d
    java.lang.String getProviderAuthority() -> e
    java.lang.String getProviderPackage() -> f
    java.lang.String getQuery() -> g