build/app/outputs/mapping/release/usage.txt
com.example.naverlo.BuildConfig
com.example.naverlo.R$anim
com.example.naverlo.R$animator
com.example.naverlo.R$attr
com.example.naverlo.R$bool
com.example.naverlo.R$color
com.example.naverlo.R$dimen
com.example.naverlo.R$drawable
com.example.naverlo.R$id
com.example.naverlo.R$integer
com.example.naverlo.R$interpolator
com.example.naverlo.R$layout
com.example.naverlo.R$mipmap
com.example.naverlo.R$string
com.example.naverlo.R$style
com.example.naverlo.R$styleable
com.example.naverlo.R
...
com.airbnb.lottie.R$id
com.airbnb.lottie.R$integer
com.airbnb.lottie.R$layout
com.airbnb.lottie.R$string
com.airbnb.lottie.R$style
com.airbnb.lottie.R$styleable:
    public static final int ActionBarLayout_android_layout_gravity
    public static final int ActionBar_background
    public static final int ActionBar_backgroundSplit
    public static final int ActionBar_backgroundStacked
    public static final int ActionBar_contentInsetEnd
    public static final int ActionBar_contentInsetEndWithActions
    public static final int ActionBar_contentInsetLeft
    public static final int ActionBar_contentInsetRight
    public static final int ActionBar_contentInsetStart
    public static final int ActionBar_contentInsetStartWithNavigation
    public static final int ActionBar_customNavigationLayout
    public static final int ActionBar_displayOptions
    public static final int ActionBar_divider
    public static final int ActionBar_elevation
    public static final int ActionBar_height
    public static final int ActionBar_hideOnContentScroll
    public static final int ActionBar_homeAsUpIndicator
    public static final int ActionBar_homeLayout
    public static final int ActionBar_icon
    public static final int ActionBar_indeterminateProgressStyle
    public static final int ActionBar_itemPadding
    public static final int ActionBar_logo
    public static final int ActionBar_navigationMode
    public static final int ActionBar_popupTheme
    public static final int ActionBar_progressBarPadding
    public static final int ActionBar_progressBarStyle
    public static final int ActionBar_subtitle
com.airbnb.lottie.R
com.airbnb.lottie.TextDelegate:
    private final com.airbnb.lottie.LottieAnimationView animationView
    private boolean cacheText
    private final com.airbnb.lottie.LottieDrawable drawable
    private final java.util.Map stringMap
    void <init>()
    public void <init>(com.airbnb.lottie.LottieAnimationView)
    public void <init>(com.airbnb.lottie.LottieDrawable)
    private java.lang.String getText(java.lang.String)
    private void invalidate()
    public void invalidateAllText()
    public void invalidateText(java.lang.String)
    public void setCacheText(boolean)
    public void setText(java.lang.String,java.lang.String)
com.airbnb.lottie.animation.content.EllipseContent:
    private static final float ELLIPSE_CONTROL_POINT_PERCENTAGE
com.airbnb.lottie.animation.content.GradientFillContent:
    private static final int CACHE_STEPS_MS
com.airbnb.lottie.animation.content.GradientStrokeContent:
    private static final int CACHE_STEPS_MS
com.airbnb.lottie.animation.content.MergePathsContent:
    public java.lang.String getName()
com.airbnb.lottie.animation.content.ModifierContent
com.airbnb.lottie.animation.content.PolystarContent:
    private static final float POLYGON_MAGIC_NUMBER
    private static final float POLYSTAR_MAGIC_NUMBER
com.airbnb.lottie.animation.content.ShapeContent:
    public java.lang.String getName()
com.airbnb.lottie.animation.content.TrimPathContent:
    public java.lang.String getName()
com.airbnb.lottie.animation.content.package-info
com.airbnb.lottie.animation.keyframe.package-info
com.airbnb.lottie.animation.package-info
com.airbnb.lottie.manager.FontAssetManager:
    public void setDefaultFontFileExtension(java.lang.String)
com.airbnb.lottie.manager.ImageAssetManager:
    public android.graphics.Bitmap updateBitmap(java.lang.String,android.graphics.Bitmap)
com.airbnb.lottie.manager.package-info
com.airbnb.lottie.model.Font:
    float getAscent()
com.airbnb.lottie.model.FontCharacter:
    double getSize()
    java.lang.String getStyle()
com.airbnb.lottie.model.KeyPath:
    public java.lang.String keysToString()
com.airbnb.lottie.model.LottieCompositionCache:
    public void clear()
    public void resize(int)
com.airbnb.lottie.model.animatable.AnimatableIntegerValue:
    public void <init>()
com.airbnb.lottie.model.animatable.AnimatablePathValue:
    public void <init>()